[2023-09-13T20:36:58.983] [INFO] default - {"errors":[{"detail":"sql: no rows in result set"}]}
[2023-09-13T20:37:01.079] [INFO] default - {"errors":[{"detail":"Authentication failed"}]}
[2023-09-13T20:37:18.953] [INFO] default - {"errors":[{"detail":"sql: no rows in result set"}]}
[2023-09-13T20:37:21.048] [INFO] default - {"errors":[{"detail":"Authentication failed"}]}
[2023-09-13T21:13:08.195] [INFO] default - {"errors":[{"detail":"Invalid password"}]}
[2023-09-13T21:13:10.276] [INFO] default - {"errors":[{"detail":"Authentication failed"}]}
[2023-09-13T21:14:12.637] [INFO] default - {"data":{"type":"session","id":"sessionID","attributes":{"authenticated":true}}}
[2023-09-13T21:14:15.387] [INFO] default - {"data":[{"type":"eTHKeys","id":"0x0594175394CC7E010005da38e24FdD55d392b19B","attributes":{"evmChainID":"80001","address":"0x0594175394CC7E010005da38e24FdD55d392b19B","nextNonce":11,"ethBalance":"987018493000000000","linkBalance":"0","disabled":false,"createdAt":"2023-09-02T18:03:54.879759+08:00","updatedAt":"2023-09-04T11:50:26.328605+08:00","maxGasPriceWei":"115792089237316195423570985008687907853269984665640564039457584007913129639935"}}]}
[2023-09-13T21:15:25.443] [INFO] default - {"data":{"type":"session","id":"sessionID","attributes":{"authenticated":true}}}
[2023-09-13T21:15:28.306] [INFO] default - {"data":[{"type":"eTHKeys","id":"0x0594175394CC7E010005da38e24FdD55d392b19B","attributes":{"evmChainID":"80001","address":"0x0594175394CC7E010005da38e24FdD55d392b19B","nextNonce":11,"ethBalance":"987018493000000000","linkBalance":"0","disabled":false,"createdAt":"2023-09-02T18:03:54.879759+08:00","updatedAt":"2023-09-04T11:50:26.328605+08:00","maxGasPriceWei":"115792089237316195423570985008687907853269984665640564039457584007913129639935"}}]}
[2023-09-13T21:15:32.121] [INFO] default - {"errors":[{"detail":"CreateJobFailed: failed to insert job: error in get query: ERROR: duplicate key value violates unique constraint \"idx_jobs_name\" (SQLSTATE 23505)"}]}
[2023-09-13T21:16:33.187] [INFO] default - {"data":{"type":"session","id":"sessionID","attributes":{"authenticated":true}}}
[2023-09-13T21:16:36.016] [INFO] default - {"data":[{"type":"eTHKeys","id":"0x0594175394CC7E010005da38e24FdD55d392b19B","attributes":{"evmChainID":"80001","address":"0x0594175394CC7E010005da38e24FdD55d392b19B","nextNonce":11,"ethBalance":"987018493000000000","linkBalance":"0","disabled":false,"createdAt":"2023-09-02T18:03:54.879759+08:00","updatedAt":"2023-09-04T11:50:26.328605+08:00","maxGasPriceWei":"115792089237316195423570985008687907853269984665640564039457584007913129639935"}}]}
[2023-09-13T21:16:40.019] [INFO] default - {"data":{"type":"jobs","id":"15","attributes":{"name":"POST \u003e CarvLink mumbai","type":"directrequest","schemaVersion":1,"gasLimit":null,"forwardingAllowed":false,"maxTaskDuration":"0s","externalJobID":"73060dc8-46d5-4869-92f6-6f5d7cd9f9af","directRequestSpec":{"contractAddress":"0x932672F12904ac985fe09C7CB642091ba22f727e","minIncomingConfirmations":5,"minIncomingConfirmationsEnv":true,"minContractPaymentLinkJuels":null,"requesters":null,"initiator":"runlog","createdAt":"2023-09-13T21:16:39.992092+08:00","updatedAt":"2023-09-13T21:16:39.992092+08:00","evmChainID":null},"fluxMonitorSpec":null,"cronSpec":null,"offChainReportingOracleSpec":null,"offChainReporting2OracleSpec":null,"keeperSpec":null,"vrfSpec":null,"webhookSpec":null,"blockhashStoreSpec":null,"bootstrapSpec":null,"pipelineSpec":{"id":15,"jobID":15,"dotDagSource":"        decode_log   [type=\"ethabidecodelog\"\n                      abi=\"OracleRequest(bytes32 indexed specId, address requester, bytes32 requestId, uint256 payment, address callbackAddr, bytes4 callbackFunctionId, uint256 cancelExpiration, uint256 dataVersion, bytes data)\"\n                      data=\"$(jobRun.logData)\"\n                      topics=\"$(jobRun.logTopics)\"]\n    \n        decode_cbor  [type=\"cborparse\" data=\"$(decode_log.data)\"]\n        \n        fetch        [type=\"http\" method=POST url=\"http://192.168.5.174:20646\"\n                     requestData=\"{\\\"jsonrpc\\\":\\\"2.0\\\",\\\"method\\\":$(decode_cbor.method),\\\"params\\\":[{\\\"did\\\":$(decode_cbor.did),\\\"id\\\":$(decode_cbor.did)}],\\\"id\\\":$(decode_cbor.id)}\"\n                     ]\n    \n        encode_large [type=\"ethabiencode\"\n                    abi=\"(bytes32 requestId, bytes _data)\"\n                    data=\"{\\\"requestId\\\": $(decode_log.requestId), \\\"_data\\\": $(fetch)}\"\n                    ]\n    \n        encode_tx  [type=\"ethabiencode\"\n                    abi=\"fulfillOracleRequest2(bytes32 requestId, uint256 payment, address callbackAddress, bytes4 callbackFunctionId, uint256 expiration, bytes calldata data)\"\n                    data=\"{\\\"requestId\\\": $(decode_log.requestId), \\\"payment\\\":   $(decode_log.payment), \\\"callbackAddress\\\": $(decode_log.callbackAddr), \\\"callbackFunctionId\\\": $(decode_log.callbackFunctionId), \\\"expiration\\\": $(decode_log.cancelExpiration), \\\"data\\\": $(encode_large)}\"\n                    ]\n    \n        submit_tx    [type=\"ethtx\" to=\"0x932672F12904ac985fe09C7CB642091ba22f727e\" data=\"$(encode_tx)\"]\n    \n        decode_log -\u003e decode_cbor -\u003e fetch -\u003e  encode_large -\u003e encode_tx -\u003e submit_tx\n    "},"errors":[]}}}
[2023-09-13T21:23:26.002] [INFO] default - {"data":{"type":"session","id":"sessionID","attributes":{"authenticated":true}}}
[2023-09-13T21:23:28.771] [INFO] default - {"data":[{"type":"eTHKeys","id":"0x0594175394CC7E010005da38e24FdD55d392b19B","attributes":{"evmChainID":"80001","address":"0x0594175394CC7E010005da38e24FdD55d392b19B","nextNonce":11,"ethBalance":"987018493000000000","linkBalance":"0","disabled":false,"createdAt":"2023-09-02T18:03:54.879759+08:00","updatedAt":"2023-09-04T11:50:26.328605+08:00","maxGasPriceWei":"115792089237316195423570985008687907853269984665640564039457584007913129639935"}}]}
[2023-09-13T21:23:42.954] [INFO] default - $ npx hardhat run  scripts/c4.setFulfillmentPermission.js --network mumbai
4 set Fulfillment Permission 
chainID is :80001 address :0x676A37eC9DC13f95133Fa86dBC053370a9417d8B
oracle address : 0x932672F12904ac985fe09C7CB642091ba22f727e
{
  to: '0x932672F12904ac985fe09C7CB642091ba22f727e',
  from: '0x676A37eC9DC13f95133Fa86dBC053370a9417d8B',
  contractAddress: null,
  transactionIndex: 0,
  gasUsed: BigNumber { value: "95893" },
  logsBloom: '0x00000000000000000000000000000000000000000000000000000000020000000000000002001000000000000000000000008000000000000000000000000000000000200000000000000000000000800000000000020000000100000000000000000000000000000000000000800000000000000000000080000000000000000000000000800000000000000000000000000000000000000000000000000000200020000000000000000000000000000000000100000000000000000000004000000000000000000001000000000008000000000000000000100000000000000000000000000080002000000000000000000000000000000000000000100000',
  blockHash: '0xa319ae903496613cf6df351d10017193e5e9cf9c0b1b221bd68ecb8ccf484b72',
  transactionHash: '0x3384794ef3baf0b17191406ee7e7820fe812634dccaa50dbcb28678c01a66f66',
  logs: [
    {
      transactionIndex: 0,
      blockNumber: 40073036,
      transactionHash: '0x3384794ef3baf0b17191406ee7e7820fe812634dccaa50dbcb28678c01a66f66',
      address: '0x932672F12904ac985fe09C7CB642091ba22f727e',
      topics: [Array],
      data: '0x0000000000000000000000000000000000000000000000000000000000000040000000000000000000000000676a37ec9dc13f95133fa86dbc053370a9417d8b00000000000000000000000000000000000000000000000000000000000000010000000000000000000000000594175394cc7e010005da38e24fdd55d392b19b',
      logIndex: 0,
      blockHash: '0xa319ae903496613cf6df351d10017193e5e9cf9c0b1b221bd68ecb8ccf484b72'
    },
    {
      transactionIndex: 0,
      blockNumber: 40073036,
      transactionHash: '0x3384794ef3baf0b17191406ee7e7820fe812634dccaa50dbcb28678c01a66f66',
      address: '0x0000000000000000000000000000000000001010',
      topics: [Array],
      data: '0x0000000000000000000000000000000000000000000000000003682449e096080000000000000000000000000000000000000000000000001823edc009da8af200000000000000000000000000000000000000000000018590038c5aca156c3d0000000000000000000000000000000000000000000000001820859bbff9f4ea0000000000000000000000000000000000000000000001859006f47f13f60245',
      logIndex: 1,
      blockHash: '0xa319ae903496613cf6df351d10017193e5e9cf9c0b1b221bd68ecb8ccf484b72'
    }
  ],
  blockNumber: 40073036,
  confirmations: 2,
  cumulativeGasUsed: BigNumber { value: "95893" },
  effectiveGasPrice: BigNumber { value: "10000000000" },
  status: 1,
  type: 0,
  byzantium: true,
  events: [
    {
      transactionIndex: 0,
      blockNumber: 40073036,
      transactionHash: '0x3384794ef3baf0b17191406ee7e7820fe812634dccaa50dbcb28678c01a66f66',
      address: '0x932672F12904ac985fe09C7CB642091ba22f727e',
      topics: [Array],
      data: '0x0000000000000000000000000000000000000000000000000000000000000040000000000000000000000000676a37ec9dc13f95133fa86dbc053370a9417d8b00000000000000000000000000000000000000000000000000000000000000010000000000000000000000000594175394cc7e010005da38e24fdd55d392b19b',
      logIndex: 0,
      blockHash: '0xa319ae903496613cf6df351d10017193e5e9cf9c0b1b221bd68ecb8ccf484b72',
      args: [Array],
      decode: [Function (anonymous)],
      event: 'AuthorizedSendersChanged',
      eventSignature: 'AuthorizedSendersChanged(address[],address)',
      removeListener: [Function (anonymous)],
      getBlock: [Function (anonymous)],
      getTransaction: [Function (anonymous)],
      getTransactionReceipt: [Function (anonymous)]
    },
    {
      transactionIndex: 0,
      blockNumber: 40073036,
      transactionHash: '0x3384794ef3baf0b17191406ee7e7820fe812634dccaa50dbcb28678c01a66f66',
      address: '0x0000000000000000000000000000000000001010',
      topics: [Array],
      data: '0x0000000000000000000000000000000000000000000000000003682449e096080000000000000000000000000000000000000000000000001823edc009da8af200000000000000000000000000000000000000000000018590038c5aca156c3d0000000000000000000000000000000000000000000000001820859bbff9f4ea0000000000000000000000000000000000000000000001859006f47f13f60245',
      logIndex: 1,
      blockHash: '0xa319ae903496613cf6df351d10017193e5e9cf9c0b1b221bd68ecb8ccf484b72',
      removeListener: [Function (anonymous)],
      getBlock: [Function (anonymous)],
      getTransaction: [Function (anonymous)],
      getTransactionReceipt: [Function (anonymous)]
    }
  ]
}
set Fulfillment Permission :  true

[2023-09-13T21:23:43.076] [INFO] default - {"data":{"type":"jobs","id":"16","attributes":{"name":"POST \u003e CarvLink mumbai","type":"directrequest","schemaVersion":1,"gasLimit":null,"forwardingAllowed":false,"maxTaskDuration":"0s","externalJobID":"adf94c8b-5066-4088-bd0b-88256da3ae56","directRequestSpec":{"contractAddress":"0x932672F12904ac985fe09C7CB642091ba22f727e","minIncomingConfirmations":5,"minIncomingConfirmationsEnv":true,"minContractPaymentLinkJuels":null,"requesters":null,"initiator":"runlog","createdAt":"2023-09-13T21:23:43.035121+08:00","updatedAt":"2023-09-13T21:23:43.035121+08:00","evmChainID":null},"fluxMonitorSpec":null,"cronSpec":null,"offChainReportingOracleSpec":null,"offChainReporting2OracleSpec":null,"keeperSpec":null,"vrfSpec":null,"webhookSpec":null,"blockhashStoreSpec":null,"bootstrapSpec":null,"pipelineSpec":{"id":16,"jobID":16,"dotDagSource":"        decode_log   [type=\"ethabidecodelog\"\n                      abi=\"OracleRequest(bytes32 indexed specId, address requester, bytes32 requestId, uint256 payment, address callbackAddr, bytes4 callbackFunctionId, uint256 cancelExpiration, uint256 dataVersion, bytes data)\"\n                      data=\"$(jobRun.logData)\"\n                      topics=\"$(jobRun.logTopics)\"]\n    \n        decode_cbor  [type=\"cborparse\" data=\"$(decode_log.data)\"]\n        \n        fetch        [type=\"http\" method=POST url=\"http://192.168.5.174:20646\"\n                     requestData=\"{\\\"jsonrpc\\\":\\\"2.0\\\",\\\"method\\\":$(decode_cbor.method),\\\"params\\\":[{\\\"did\\\":$(decode_cbor.did),\\\"id\\\":$(decode_cbor.did)}],\\\"id\\\":$(decode_cbor.id)}\"\n                     ]\n    \n        encode_large [type=\"ethabiencode\"\n                    abi=\"(bytes32 requestId, bytes _data)\"\n                    data=\"{\\\"requestId\\\": $(decode_log.requestId), \\\"_data\\\": $(fetch)}\"\n                    ]\n    \n        encode_tx  [type=\"ethabiencode\"\n                    abi=\"fulfillOracleRequest2(bytes32 requestId, uint256 payment, address callbackAddress, bytes4 callbackFunctionId, uint256 expiration, bytes calldata data)\"\n                    data=\"{\\\"requestId\\\": $(decode_log.requestId), \\\"payment\\\":   $(decode_log.payment), \\\"callbackAddress\\\": $(decode_log.callbackAddr), \\\"callbackFunctionId\\\": $(decode_log.callbackFunctionId), \\\"expiration\\\": $(decode_log.cancelExpiration), \\\"data\\\": $(encode_large)}\"\n                    ]\n    \n        submit_tx    [type=\"ethtx\" to=\"0x932672F12904ac985fe09C7CB642091ba22f727e\" data=\"$(encode_tx)\"]\n    \n        decode_log -\u003e decode_cbor -\u003e fetch -\u003e  encode_large -\u003e encode_tx -\u003e submit_tx\n    "},"errors":[]}}}
[2023-09-13T21:54:30.486] [INFO] default - {"data":{"type":"session","id":"sessionID","attributes":{"authenticated":true}}}
[2023-09-13T21:54:33.249] [INFO] default - {"data":[{"type":"eTHKeys","id":"0x0594175394CC7E010005da38e24FdD55d392b19B","attributes":{"evmChainID":"80001","address":"0x0594175394CC7E010005da38e24FdD55d392b19B","nextNonce":11,"ethBalance":"987018493000000000","linkBalance":"0","disabled":false,"createdAt":"2023-09-02T18:03:54.879759+08:00","updatedAt":"2023-09-04T11:50:26.328605+08:00","maxGasPriceWei":"115792089237316195423570985008687907853269984665640564039457584007913129639935"}}]}
[2023-09-13T21:54:47.815] [INFO] default - $ npx hardhat run  scripts/c4.setFulfillmentPermission.js --network mumbai
4 set Fulfillment Permission 
chainID is :80001 address :0x676A37eC9DC13f95133Fa86dBC053370a9417d8B
oracle address : 0x932672F12904ac985fe09C7CB642091ba22f727e
{
  to: '0x932672F12904ac985fe09C7CB642091ba22f727e',
  from: '0x676A37eC9DC13f95133Fa86dBC053370a9417d8B',
  contractAddress: null,
  transactionIndex: 0,
  gasUsed: BigNumber { value: "36922" },
  logsBloom: '0x00000000000000020000000000000000000000000000000000000000000000000000000000001000000000000000000000008000000000000000000000000000000000200000000000000000000000800000000000020000000100000000000000000000000000000000000000800000000000000000000080000000000000000000000000800000000000000000000000000000000000000000000000000000200020000000000020000000000000000001000100000000000000000000004000000000000000000001000000000008000000000000000000100000000000000000000000000000002000000000000000000000000000000000000000100000',
  blockHash: '0x3bc00faf8723a83a36881c6d69b4573725eab4b118ae48cca2c1f0943bbd8f89',
  transactionHash: '0x4598068d8407e618ce7c7735602734177b78fdc76690caefd93a1b70d39bd97d',
  logs: [
    {
      transactionIndex: 0,
      blockNumber: 40073837,
      transactionHash: '0x4598068d8407e618ce7c7735602734177b78fdc76690caefd93a1b70d39bd97d',
      address: '0x932672F12904ac985fe09C7CB642091ba22f727e',
      topics: [Array],
      data: '0x0000000000000000000000000000000000000000000000000000000000000040000000000000000000000000676a37ec9dc13f95133fa86dbc053370a9417d8b00000000000000000000000000000000000000000000000000000000000000010000000000000000000000000594175394cc7e010005da38e24fdd55d392b19b',
      logIndex: 0,
      blockHash: '0x3bc00faf8723a83a36881c6d69b4573725eab4b118ae48cca2c1f0943bbd8f89'
    },
    {
      transactionIndex: 0,
      blockNumber: 40073837,
      transactionHash: '0x4598068d8407e618ce7c7735602734177b78fdc76690caefd93a1b70d39bd97d',
      address: '0x0000000000000000000000000000000000001010',
      topics: [Array],
      data: '0x00000000000000000000000000000000000000000000000000014fcdbae4229000000000000000000000000000000000000000000000000017c3b97f572d8c5a0000000000000000000000000000000000000000000021c7ce4b7312288e00bd00000000000000000000000000000000000000000000000017c269b19c4969ca0000000000000000000000000000000000000000000021c7ce4cc2dfe372234d',
      logIndex: 1,
      blockHash: '0x3bc00faf8723a83a36881c6d69b4573725eab4b118ae48cca2c1f0943bbd8f89'
    }
  ],
  blockNumber: 40073837,
  confirmations: 2,
  cumulativeGasUsed: BigNumber { value: "36922" },
  effectiveGasPrice: BigNumber { value: "10000000000" },
  status: 1,
  type: 0,
  byzantium: true,
  events: [
    {
      transactionIndex: 0,
      blockNumber: 40073837,
      transactionHash: '0x4598068d8407e618ce7c7735602734177b78fdc76690caefd93a1b70d39bd97d',
      address: '0x932672F12904ac985fe09C7CB642091ba22f727e',
      topics: [Array],
      data: '0x0000000000000000000000000000000000000000000000000000000000000040000000000000000000000000676a37ec9dc13f95133fa86dbc053370a9417d8b00000000000000000000000000000000000000000000000000000000000000010000000000000000000000000594175394cc7e010005da38e24fdd55d392b19b',
      logIndex: 0,
      blockHash: '0x3bc00faf8723a83a36881c6d69b4573725eab4b118ae48cca2c1f0943bbd8f89',
      args: [Array],
      decode: [Function (anonymous)],
      event: 'AuthorizedSendersChanged',
      eventSignature: 'AuthorizedSendersChanged(address[],address)',
      removeListener: [Function (anonymous)],
      getBlock: [Function (anonymous)],
      getTransaction: [Function (anonymous)],
      getTransactionReceipt: [Function (anonymous)]
    },
    {
      transactionIndex: 0,
      blockNumber: 40073837,
      transactionHash: '0x4598068d8407e618ce7c7735602734177b78fdc76690caefd93a1b70d39bd97d',
      address: '0x0000000000000000000000000000000000001010',
      topics: [Array],
      data: '0x00000000000000000000000000000000000000000000000000014fcdbae4229000000000000000000000000000000000000000000000000017c3b97f572d8c5a0000000000000000000000000000000000000000000021c7ce4b7312288e00bd00000000000000000000000000000000000000000000000017c269b19c4969ca0000000000000000000000000000000000000000000021c7ce4cc2dfe372234d',
      logIndex: 1,
      blockHash: '0x3bc00faf8723a83a36881c6d69b4573725eab4b118ae48cca2c1f0943bbd8f89',
      removeListener: [Function (anonymous)],
      getBlock: [Function (anonymous)],
      getTransaction: [Function (anonymous)],
      getTransactionReceipt: [Function (anonymous)]
    }
  ]
}
set Fulfillment Permission :  true

[2023-09-13T21:54:47.919] [INFO] default - {"data":{"type":"jobs","id":"17","attributes":{"name":"POST \u003e CarvLink mumbai","type":"directrequest","schemaVersion":1,"gasLimit":null,"forwardingAllowed":false,"maxTaskDuration":"0s","externalJobID":"5aa63270-2b32-4a44-a666-7106a089b315","directRequestSpec":{"contractAddress":"0x932672F12904ac985fe09C7CB642091ba22f727e","minIncomingConfirmations":5,"minIncomingConfirmationsEnv":true,"minContractPaymentLinkJuels":null,"requesters":null,"initiator":"runlog","createdAt":"2023-09-13T21:54:47.883175+08:00","updatedAt":"2023-09-13T21:54:47.883175+08:00","evmChainID":null},"fluxMonitorSpec":null,"cronSpec":null,"offChainReportingOracleSpec":null,"offChainReporting2OracleSpec":null,"keeperSpec":null,"vrfSpec":null,"webhookSpec":null,"blockhashStoreSpec":null,"bootstrapSpec":null,"pipelineSpec":{"id":17,"jobID":17,"dotDagSource":"        decode_log   [type=\"ethabidecodelog\"\n                      abi=\"OracleRequest(bytes32 indexed specId, address requester, bytes32 requestId, uint256 payment, address callbackAddr, bytes4 callbackFunctionId, uint256 cancelExpiration, uint256 dataVersion, bytes data)\"\n                      data=\"$(jobRun.logData)\"\n                      topics=\"$(jobRun.logTopics)\"]\n    \n        decode_cbor  [type=\"cborparse\" data=\"$(decode_log.data)\"]\n        \n        fetch        [type=\"http\" method=POST url=\"http://192.168.5.174:20646\"\n                     requestData=\"{\\\"jsonrpc\\\":\\\"2.0\\\",\\\"method\\\":$(decode_cbor.method),\\\"params\\\":[{\\\"did\\\":$(decode_cbor.did),\\\"id\\\":$(decode_cbor.did)}],\\\"id\\\":$(decode_cbor.id)}\"\n                     ]\n    \n        encode_large [type=\"ethabiencode\"\n                    abi=\"(bytes32 requestId, bytes _data)\"\n                    data=\"{\\\"requestId\\\": $(decode_log.requestId), \\\"_data\\\": $(fetch)}\"\n                    ]\n    \n        encode_tx  [type=\"ethabiencode\"\n                    abi=\"fulfillOracleRequest2(bytes32 requestId, uint256 payment, address callbackAddress, bytes4 callbackFunctionId, uint256 expiration, bytes calldata data)\"\n                    data=\"{\\\"requestId\\\": $(decode_log.requestId), \\\"payment\\\":   $(decode_log.payment), \\\"callbackAddress\\\": $(decode_log.callbackAddr), \\\"callbackFunctionId\\\": $(decode_log.callbackFunctionId), \\\"expiration\\\": $(decode_log.cancelExpiration), \\\"data\\\": $(encode_large)}\"\n                    ]\n    \n        submit_tx    [type=\"ethtx\" to=\"0x932672F12904ac985fe09C7CB642091ba22f727e\" data=\"$(encode_tx)\"]\n    \n        decode_log -\u003e decode_cbor -\u003e fetch -\u003e  encode_large -\u003e encode_tx -\u003e submit_tx\n    "},"errors":[]}}}
[2023-09-13T21:54:56.536] [INFO] default - $ npx hardhat run  scripts/c6.setOralceAndJobId.js --network mumbai
6 get arbiter list ....
chainID is :80001 address :0x676A37eC9DC13f95133Fa86dBC053370a9417d8B

[2023-10-04T21:18:20.712] [INFO] default - 
[2023-10-04T21:18:21.116] [INFO] default - Error response from daemon: No such container: postgres
Error response from daemon: No such container: dev/null

[2023-10-04T21:18:23.158] [INFO] default - 
[2023-10-04T21:18:25.239] [INFO] default - bd1f50ee6bc593c9f47b30090d3ded47ee3f161596df8410ceecf37cd3fa6cd4

